[2021-02-24T22:17:15.895] [DEBUG] cheese - https://sj.enterdesk.com/
[2021-02-24T22:17:16.001] [INFO] cheese - https://up.enterdesk.com/edpic_360_360/7b/93/9e/7b939e088446fff3f53615c9687663d5.jpg
[2021-02-24T22:17:16.002] [INFO] cheese - https://up.enterdesk.com/edpic_360_360/77/39/b3/7739b3aeabda84afdc90927620515bc0.jpg
[2021-02-24T22:17:16.003] [INFO] cheese - https://up.enterdesk.com/edpic_360_360/1d/6b/8b/1d6b8bd2232326fd269eec209f7de533.jpg
[2021-02-24T22:17:16.003] [INFO] cheese - https://up.enterdesk.com/edpic_360_360/96/d2/3f/96d23f6af9af449d7fa6a0d6dfc64872.jpg
[2021-02-24T22:17:16.004] [INFO] cheese - https://up.enterdesk.com/edpic_360_360/ac/ee/b9/aceeb90386dc23ef9f41a60dd2c68e05.jpg
[2021-02-24T22:17:16.004] [INFO] cheese - https://up.enterdesk.com/edpic_360_360/3d/23/b6/3d23b64dfd0d87b2c8df8302005f0137.jpg
[2021-02-24T22:17:16.005] [INFO] cheese - https://up.enterdesk.com/edpic_360_360/0d/0a/df/0d0adf26fef31372ed7f57a15a4883bb.jpg
[2021-02-24T22:17:16.005] [INFO] cheese - https://up.enterdesk.com/edpic_360_360/e6/11/6e/e6116e8f5e49a46b02bf489fd27fde2a.jpg
[2021-02-24T22:17:16.006] [INFO] cheese - https://up.enterdesk.com/edpic_360_360/e2/4d/fa/e24dfae5d09077fce4948f5192a32c7e.jpg
[2021-02-24T22:17:16.006] [INFO] cheese - https://up.enterdesk.com/edpic_360_360/48/cd/0f/48cd0ff2d3e3a5cf84782673955fc560.jpg
[2021-02-24T22:17:16.006] [INFO] cheese - https://up.enterdesk.com/edpic_360_360/00/f1/2c/00f12cd610b9cb7ef2b9c6ee477f12a8.jpg
[2021-02-24T22:17:16.007] [INFO] cheese - https://up.enterdesk.com/edpic_360_360/21/b7/6f/21b76fbdb0f026ac1e3a976a2b278797.jpg
[2021-02-24T22:17:16.007] [INFO] cheese - https://up.enterdesk.com/edpic_360_360/1f/c1/1c/1fc11c26aca23aacc05779acfdecd201.jpg
[2021-02-24T22:17:16.008] [INFO] cheese - https://up.enterdesk.com/edpic_360_360/0a/c7/36/0ac736cf435df1b6bd06c406952a9313.jpg
[2021-02-24T22:17:16.008] [INFO] cheese - https://up.enterdesk.com/edpic_360_360/c8/30/e8/c830e84b356d0dff2acd717ca1e80590.jpg
[2021-02-24T22:17:16.009] [INFO] cheese - https://up.enterdesk.com/edpic_360_360/c9/3a/52/c93a522d098a5f4a116f65ab04eb687d.jpg
[2021-02-24T22:38:20.672] [DEBUG] cheese - https://sj.enterdesk.com/
[2021-02-24T22:42:08.137] [DEBUG] cheese - https://sj.enterdesk.com/
[2021-02-24T22:42:49.317] [DEBUG] cheese - https://sj.enterdesk.com/
[2021-02-24T22:42:49.448] [INFO] cheese - https://up.enterdesk.com/edpic_360_360/7b/93/9e/7b939e088446fff3f53615c9687663d5.jpg
[2021-02-24T22:42:49.450] [INFO] cheese - https://up.enterdesk.com/edpic_360_360/77/39/b3/7739b3aeabda84afdc90927620515bc0.jpg
[2021-02-24T22:42:49.455] [INFO] cheese - https://up.enterdesk.com/edpic_360_360/1d/6b/8b/1d6b8bd2232326fd269eec209f7de533.jpg
[2021-02-24T22:42:49.456] [INFO] cheese - https://up.enterdesk.com/edpic_360_360/96/d2/3f/96d23f6af9af449d7fa6a0d6dfc64872.jpg
[2021-02-24T22:42:49.457] [INFO] cheese - https://up.enterdesk.com/edpic_360_360/ac/ee/b9/aceeb90386dc23ef9f41a60dd2c68e05.jpg
[2021-02-24T22:42:49.459] [INFO] cheese - https://up.enterdesk.com/edpic_360_360/3d/23/b6/3d23b64dfd0d87b2c8df8302005f0137.jpg
[2021-02-24T22:42:49.459] [INFO] cheese - https://up.enterdesk.com/edpic_360_360/0d/0a/df/0d0adf26fef31372ed7f57a15a4883bb.jpg
[2021-02-24T22:42:49.460] [INFO] cheese - https://up.enterdesk.com/edpic_360_360/e6/11/6e/e6116e8f5e49a46b02bf489fd27fde2a.jpg
[2021-02-24T22:42:49.460] [INFO] cheese - https://up.enterdesk.com/edpic_360_360/e2/4d/fa/e24dfae5d09077fce4948f5192a32c7e.jpg
[2021-02-24T22:42:49.461] [INFO] cheese - https://up.enterdesk.com/edpic_360_360/48/cd/0f/48cd0ff2d3e3a5cf84782673955fc560.jpg
[2021-02-24T22:42:49.461] [INFO] cheese - https://up.enterdesk.com/edpic_360_360/00/f1/2c/00f12cd610b9cb7ef2b9c6ee477f12a8.jpg
[2021-02-24T22:42:49.462] [INFO] cheese - https://up.enterdesk.com/edpic_360_360/21/b7/6f/21b76fbdb0f026ac1e3a976a2b278797.jpg
[2021-02-24T22:42:49.462] [INFO] cheese - https://up.enterdesk.com/edpic_360_360/1f/c1/1c/1fc11c26aca23aacc05779acfdecd201.jpg
[2021-02-24T22:42:49.463] [INFO] cheese - https://up.enterdesk.com/edpic_360_360/0a/c7/36/0ac736cf435df1b6bd06c406952a9313.jpg
[2021-02-24T22:42:49.463] [INFO] cheese - https://up.enterdesk.com/edpic_360_360/c8/30/e8/c830e84b356d0dff2acd717ca1e80590.jpg
[2021-02-24T22:42:49.464] [INFO] cheese - https://up.enterdesk.com/edpic_360_360/c9/3a/52/c93a522d098a5f4a116f65ab04eb687d.jpg
[2021-02-24T22:43:38.467] [DEBUG] cheese - https://sj.enterdesk.com/
[2021-02-24T22:43:38.615] [INFO] cheese - https://up.enterdesk.com/edpic_360_360/7b/93/9e/7b939e088446fff3f53615c9687663d5.jpg
[2021-02-24T22:43:38.617] [INFO] cheese - https://up.enterdesk.com/edpic_360_360/77/39/b3/7739b3aeabda84afdc90927620515bc0.jpg
[2021-02-24T22:43:38.618] [INFO] cheese - https://up.enterdesk.com/edpic_360_360/1d/6b/8b/1d6b8bd2232326fd269eec209f7de533.jpg
[2021-02-24T22:43:38.619] [INFO] cheese - https://up.enterdesk.com/edpic_360_360/96/d2/3f/96d23f6af9af449d7fa6a0d6dfc64872.jpg
[2021-02-24T22:43:38.621] [INFO] cheese - https://up.enterdesk.com/edpic_360_360/ac/ee/b9/aceeb90386dc23ef9f41a60dd2c68e05.jpg
[2021-02-24T22:43:38.622] [INFO] cheese - https://up.enterdesk.com/edpic_360_360/3d/23/b6/3d23b64dfd0d87b2c8df8302005f0137.jpg
[2021-02-24T22:43:38.623] [INFO] cheese - https://up.enterdesk.com/edpic_360_360/0d/0a/df/0d0adf26fef31372ed7f57a15a4883bb.jpg
[2021-02-24T22:43:38.623] [INFO] cheese - https://up.enterdesk.com/edpic_360_360/e6/11/6e/e6116e8f5e49a46b02bf489fd27fde2a.jpg
[2021-02-24T22:43:38.624] [INFO] cheese - https://up.enterdesk.com/edpic_360_360/e2/4d/fa/e24dfae5d09077fce4948f5192a32c7e.jpg
[2021-02-24T22:43:38.624] [INFO] cheese - https://up.enterdesk.com/edpic_360_360/48/cd/0f/48cd0ff2d3e3a5cf84782673955fc560.jpg
[2021-02-24T22:43:38.625] [INFO] cheese - https://up.enterdesk.com/edpic_360_360/00/f1/2c/00f12cd610b9cb7ef2b9c6ee477f12a8.jpg
[2021-02-24T22:43:38.625] [INFO] cheese - https://up.enterdesk.com/edpic_360_360/21/b7/6f/21b76fbdb0f026ac1e3a976a2b278797.jpg
[2021-02-24T22:43:38.626] [INFO] cheese - https://up.enterdesk.com/edpic_360_360/1f/c1/1c/1fc11c26aca23aacc05779acfdecd201.jpg
[2021-02-24T22:43:38.626] [INFO] cheese - https://up.enterdesk.com/edpic_360_360/0a/c7/36/0ac736cf435df1b6bd06c406952a9313.jpg
[2021-02-24T22:43:38.627] [INFO] cheese - https://up.enterdesk.com/edpic_360_360/c8/30/e8/c830e84b356d0dff2acd717ca1e80590.jpg
[2021-02-24T22:43:38.627] [INFO] cheese - https://up.enterdesk.com/edpic_360_360/c9/3a/52/c93a522d098a5f4a116f65ab04eb687d.jpg
[2021-02-24T22:43:58.504] [DEBUG] cheese - https://sj.enterdesk.com/
[2021-02-24T22:43:58.609] [INFO] cheese - https://up.enterdesk.com/edpic_360_360/7b/93/9e/7b939e088446fff3f53615c9687663d5.jpg
[2021-02-24T22:43:58.610] [INFO] cheese - https://up.enterdesk.com/edpic_360_360/77/39/b3/7739b3aeabda84afdc90927620515bc0.jpg
[2021-02-24T22:43:58.611] [INFO] cheese - https://up.enterdesk.com/edpic_360_360/1d/6b/8b/1d6b8bd2232326fd269eec209f7de533.jpg
[2021-02-24T22:43:58.612] [INFO] cheese - https://up.enterdesk.com/edpic_360_360/96/d2/3f/96d23f6af9af449d7fa6a0d6dfc64872.jpg
[2021-02-24T22:43:58.612] [INFO] cheese - https://up.enterdesk.com/edpic_360_360/ac/ee/b9/aceeb90386dc23ef9f41a60dd2c68e05.jpg
[2021-02-24T22:43:58.613] [INFO] cheese - https://up.enterdesk.com/edpic_360_360/3d/23/b6/3d23b64dfd0d87b2c8df8302005f0137.jpg
[2021-02-24T22:43:58.613] [INFO] cheese - https://up.enterdesk.com/edpic_360_360/0d/0a/df/0d0adf26fef31372ed7f57a15a4883bb.jpg
[2021-02-24T22:43:58.614] [INFO] cheese - https://up.enterdesk.com/edpic_360_360/e6/11/6e/e6116e8f5e49a46b02bf489fd27fde2a.jpg
[2021-02-24T22:43:58.614] [INFO] cheese - https://up.enterdesk.com/edpic_360_360/e2/4d/fa/e24dfae5d09077fce4948f5192a32c7e.jpg
[2021-02-24T22:43:58.615] [INFO] cheese - https://up.enterdesk.com/edpic_360_360/48/cd/0f/48cd0ff2d3e3a5cf84782673955fc560.jpg
[2021-02-24T22:43:58.616] [INFO] cheese - https://up.enterdesk.com/edpic_360_360/00/f1/2c/00f12cd610b9cb7ef2b9c6ee477f12a8.jpg
[2021-02-24T22:43:58.616] [INFO] cheese - https://up.enterdesk.com/edpic_360_360/21/b7/6f/21b76fbdb0f026ac1e3a976a2b278797.jpg
[2021-02-24T22:43:58.617] [INFO] cheese - https://up.enterdesk.com/edpic_360_360/1f/c1/1c/1fc11c26aca23aacc05779acfdecd201.jpg
[2021-02-24T22:43:58.617] [INFO] cheese - https://up.enterdesk.com/edpic_360_360/0a/c7/36/0ac736cf435df1b6bd06c406952a9313.jpg
[2021-02-24T22:43:58.618] [INFO] cheese - https://up.enterdesk.com/edpic_360_360/c8/30/e8/c830e84b356d0dff2acd717ca1e80590.jpg
[2021-02-24T22:43:58.618] [INFO] cheese - https://up.enterdesk.com/edpic_360_360/c9/3a/52/c93a522d098a5f4a116f65ab04eb687d.jpg
[2021-02-24T22:44:03.296] [DEBUG] cheese - https://sj.enterdesk.com/
